<?xml version="1.0" encoding="UTF-8"?>
<!-- Generated by org.testng.reporters.JUnitReportReporter -->
<testsuite hostname="DESKTOP-036HN35" failures="0" tests="1" name="tests.SoapXMLRequest" time="7.978" errors="0" timestamp="2025-09-24T18:21:25 IST" skipped="0">
  <testcase classname="tests.SoapXMLRequest" name="ValidateSoapXMl" time="7.978"/>
</testsuite> <!-- tests.SoapXMLRequest -->
