<?xml version="1.0" encoding="UTF-8"?>
<!-- Generated by org.testng.reporters.JUnitReportReporter -->
<testsuite hostname="DESKTOP-036HN35" failures="0" tests="1" name="tests.JSONSchemaValidator" time="9.715" errors="0" timestamp="2025-09-24T18:19:32 IST" skipped="0">
  <testcase classname="tests.JSONSchemaValidator" name="testGet" time="9.715"/>
</testsuite> <!-- tests.JSONSchemaValidator -->
