<?xml version="1.0" encoding="UTF-8"?>
<!-- Generated by org.testng.reporters.JUnitReportReporter -->
<testsuite hostname="DESKTOP-036HN35" failures="0" tests="1" name="tests.WeatherAPITest" time="19.214" errors="0" timestamp="2025-09-25T12:28:20 IST" skipped="0">
  <testcase classname="tests.WeatherAPITest" name="test_2" time="19.214"/>
</testsuite> <!-- tests.WeatherAPITest -->
