<?xml version="1.0" encoding="UTF-8"?>
<!-- Generated by org.testng.reporters.JUnitReportReporter -->
<testsuite hostname="DESKTOP-036HN35" failures="0" tests="2" name="tests.TestsExamples" time="9.568" errors="0" timestamp="2025-09-24T18:26:59 IST" skipped="0">
  <testcase classname="tests.TestsExamples" name="test_2" time="3.795"/>
  <testcase classname="tests.TestsExamples" name="test_1" time="5.773"/>
</testsuite> <!-- tests.TestsExamples -->
