<?xml version="1.0" encoding="UTF-8"?>
<!-- Generated by org.testng.reporters.JUnitReportReporter -->
<testsuite hostname="DESKTOP-036HN35" failures="0" tests="2" name="tests.GetAndPostExamples" time="9.248" errors="0" timestamp="2025-09-24T18:03:21 IST" skipped="0">
  <testcase classname="tests.GetAndPostExamples" name="testPost" time="1.080"/>
  <testcase classname="tests.GetAndPostExamples" name="testGet" time="8.168"/>
</testsuite> <!-- tests.GetAndPostExamples -->
